#-----------------------------------------------------------
# Vivado v2023.2 (64-bit)
# SW Build 4029153 on Fri Oct 13 20:14:34 MDT 2023
# IP Build 4028589 on Sat Oct 14 00:45:43 MDT 2023
# SharedData Build 4025554 on Tue Oct 10 17:18:54 MDT 2023
# Start of session at: Sun Mar 31 12:11:02 2024
# Process ID: 15576
# Current directory: C:/Users/prern/OneDrive/Desktop/DD_Final
# Command line: vivado.exe -mode tcl -source C:\Users\prern\AppData\Roaming\Python\Python311\site-packages\zynet\db/makeIP.tcl -tclargs myProject1/myProject1.xpr
# Log file: C:/Users/prern/OneDrive/Desktop/DD_Final/vivado.log
# Journal file: C:/Users/prern/OneDrive/Desktop/DD_Final\vivado.jou
# Running On: LAPTOP-MFU667K1, OS: Windows, CPU Frequency: 2096 MHz, CPU Physical cores: 12, Host memory: 7866 MB
#-----------------------------------------------------------
source {C:\Users\prern\AppData\Roaming\Python\Python311\site-packages\zynet\db/makeIP.tcl}
# open_project [lindex $argv 0]
INFO: [filemgmt 56-3] Default IP Output Path : Could not find the directory 'C:/Users/prern/OneDrive/Desktop/DD_Final/myProject1/myProject1.gen/sources_1'.
WARNING: [filemgmt 56-3] IPUserFilesDir: Could not find the directory 'C:/Users/prern/OneDrive/Desktop/DD_Final/myProject1/p_user_files'.
Scanning sources...
Finished scanning sources
open_project: Time (s): cpu = 00:00:05 ; elapsed = 00:00:07 . Memory (MB): peak = 473.418 ; gain = 178.062
# ipx::package_project -root_dir ./src/fpga -vendor VIP -library user -taxonomy /UserIP
INFO: [IP_Flow 19-1842] HDL Parser: Found include file "rtl/include.v" from the top-level HDL file.
INFO: [IP_Flow 19-234] Refreshing IP repositories
INFO: [IP_Flow 19-1704] No user IP repositories specified
INFO: [IP_Flow 19-2313] Loaded Vivado IP repository 'C:/Xilinx/Vivado/2023.2/data/ip'.
INFO: [IP_Flow 19-5107] Inferred bus interface 's_axi' of definition 'xilinx.com:interface:aximm:1.0' (from Xilinx Repository).
INFO: [IP_Flow 19-5107] Inferred bus interface 's_axi_aresetn' of definition 'xilinx.com:signal:reset:1.0' (from Xilinx Repository).
INFO: [IP_Flow 19-5107] Inferred bus interface 's_axi_aclk' of definition 'xilinx.com:signal:clock:1.0' (from Xilinx Repository).
INFO: [IP_Flow 19-5107] Inferred bus interface 'intr' of definition 'xilinx.com:signal:interrupt:1.0' (from Xilinx Repository).
INFO: [IP_Flow 19-4728] Bus Interface 's_axi_aresetn': Added interface parameter 'POLARITY' with value 'ACTIVE_LOW'.
INFO: [IP_Flow 19-4728] Bus Interface 'intr': Added interface parameter 'SENSITIVITY' with value 'LEVEL_HIGH'.
INFO: [IP_Flow 19-4728] Bus Interface 's_axi_aclk': Added interface parameter 'ASSOCIATED_BUSIF' with value 's_axi'.
INFO: [IP_Flow 19-4728] Bus Interface 's_axi_aclk': Added interface parameter 'ASSOCIATED_RESET' with value 's_axi_aresetn'.
WARNING: [IP_Flow 19-11770] Clock interface 's_axi_aclk' has no FREQ_HZ parameter.
INFO: [IP_Flow 19-2181] Payment Required is not set for this core.
INFO: [IP_Flow 19-2187] The Product Guide file is missing.
# ipx::add_bus_interface axis_data [ipx::current_core]
# set_property abstraction_type_vlnv xilinx.com:interface:axis_rtl:1.0 [ipx::get_bus_interfaces axis_data -of_objects [ipx::current_core]]
# set_property bus_type_vlnv xilinx.com:interface:axis:1.0 [ipx::get_bus_interfaces axis_data -of_objects [ipx::current_core]]
# ipx::add_port_map TVALID [ipx::get_bus_interfaces axis_data -of_objects [ipx::current_core]]
# set_property physical_name axis_in_data_valid [ipx::get_port_maps TVALID -of_objects [ipx::get_bus_interfaces axis_data -of_objects [ipx::current_core]]]
# ipx::add_port_map TREADY [ipx::get_bus_interfaces axis_data -of_objects [ipx::current_core]]
# set_property physical_name axis_in_data_ready [ipx::get_port_maps TREADY -of_objects [ipx::get_bus_interfaces axis_data -of_objects [ipx::current_core]]]
# ipx::add_port_map TDATA [ipx::get_bus_interfaces axis_data -of_objects [ipx::current_core]]
# set_property physical_name axis_in_data [ipx::get_port_maps TDATA -of_objects [ipx::get_bus_interfaces axis_data -of_objects [ipx::current_core]]]
# set_property core_revision 1 [ipx::current_core]
# set_property value s_axi:axis_data [ipx::get_bus_parameters ASSOCIATED_BUSIF -of_objects [ipx::get_bus_interfaces s_axi_aclk -of_objects [ipx::current_core]]]
# ipx::create_xgui_files [ipx::current_core]
# ipx::update_checksums [ipx::current_core]
# ipx::save_core [ipx::current_core]
# update_ip_catalog
INFO: [IP_Flow 19-1839] IP Catalog is up to date.
# exit
INFO: [Common 17-206] Exiting Vivado at Sun Mar 31 12:11:16 2024...
